<?xml version="1.0" encoding="UTF-8"?>
<testng-results ignored="0" total="1" passed="1" failed="0" skipped="0">
  <reporter-output>
  </reporter-output>
  <suite started-at="2026-04-27T22:41:57 IST" name="Default suite" finished-at="2026-04-27T22:42:04 IST" duration-ms="6376">
    <groups>
    </groups>
    <test started-at="2026-04-27T22:41:57 IST" name="Default test" finished-at="2026-04-27T22:42:04 IST" duration-ms="6376">
      <class name="testcases.LoginTest">
        <test-method is-config="true" signature="setup()[pri:0, instance:testcases.LoginTest@4d5b6aac]" started-at="2026-04-27T22:41:57 IST" name="setup" finished-at="2026-04-27T22:42:03 IST" duration-ms="5510" status="PASS">
          <reporter-output>
          </reporter-output>
        </test-method> <!-- setup -->
        <test-method signature="loginTest(java.lang.String,java.lang.String,boolean)[pri:0, instance:testcases.LoginTest@4d5b6aac]" started-at="2026-04-27T22:42:03 IST" name="loginTest" data-provider="LoginData" finished-at="2026-04-27T22:42:04 IST" duration-ms="811" status="PASS">
          <params>
            <param index="0">
              <value>
                <![CDATA[standard_user]]>
              </value>
            </param>
            <param index="1">
              <value>
                <![CDATA[secret_sauce]]>
              </value>
            </param>
            <param index="2">
              <value>
                <![CDATA[true]]>
              </value>
            </param>
          </params>
          <reporter-output>
          </reporter-output>
        </test-method> <!-- loginTest -->
      </class> <!-- testcases.LoginTest -->
    </test> <!-- Default test -->
  </suite> <!-- Default suite -->
</testng-results>
